<?xml version="1.0" encoding="UTF-8"?>
<!-- Generated by org.testng.reporters.JUnitXMLReporter -->
<testsuite ignored="0" hostname="BDC7-D-FMZXQG2" failures="0" tests="3" name="Test2" time="0.062" errors="0" timestamp="20 May 2018 06:04:24 GMT">
  <testcase classname="com.testPage.NewTestPage" name="@BeforeTest beforeTest" time="0.03">
    <failure type="java.lang.IllegalStateException" message="The driver executable is a directory: C:\Users\training_b7a.03.26\Downloads\geckodriver-v0.20.1-win64">
      <![CDATA[java.lang.IllegalStateException: The driver executable is a directory: C:\Users\training_b7a.03.26\Downloads\geckodriver-v0.20.1-win64
at com.google.common.base.Preconditions.checkState(Preconditions.java:585)
at org.openqa.selenium.remote.service.DriverService.checkExecutable(DriverService.java:138)
at org.openqa.selenium.remote.service.DriverService.findExecutable(DriverService.java:131)
at org.openqa.selenium.firefox.GeckoDriverService.access$100(GeckoDriverService.java:42)
at org.openqa.selenium.firefox.GeckoDriverService$Builder.findDefaultExecutable(GeckoDriverService.java:143)
at org.openqa.selenium.remote.service.DriverService$Builder.build(DriverService.java:335)
at org.openqa.selenium.firefox.FirefoxDriver.toExecutor(FirefoxDriver.java:168)
at org.openqa.selenium.firefox.FirefoxDriver.<init>(FirefoxDriver.java:125)
at org.openqa.selenium.firefox.FirefoxDriver.<init>(FirefoxDriver.java:103)
at com.utility.DriverUtility.getDriver(DriverUtility.java:25)
at com.testPage.NewTestPage.beforeTest(NewTestPage.java:52)
... Removed 24 stack frames]]>
    </failure>
  </testcase> <!-- @BeforeTest beforeTest -->
  <testcase classname="com.testPage.NewTestPage" name="@AfterTest afterTest" time="0.0">
    <skipped/>
  </testcase> <!-- @AfterTest afterTest -->
  <testcase classname="com.testPage.NewTestPage" name="testMercuryToursWelcome" time="0.0">
    <skipped/>
  </testcase> <!-- testMercuryToursWelcome -->
  <testcase classname="com.testPage.NewTestPage" name="testMercuryToursRegister" time="0.0">
    <skipped/>
  </testcase> <!-- testMercuryToursRegister -->
  <testcase classname="com.testPage.NewTestPage" name="testMercuryToursLogin" time="0.0">
    <skipped/>
  </testcase> <!-- testMercuryToursLogin -->
</testsuite> <!-- Test2 -->
